#
# A fatal error has been detected by the Java Runtime Environment:
#
#  EXCEPTION_ACCESS_VIOLATION (0xc0000005) at pc=0x0000000068dfd171, pid=1276, tid=5480
#
# JRE version: 7.0_25-b17
# Java VM: Java HotSpot(TM) 64-Bit Server VM (23.25-b01 mixed mode windows-amd64 compressed oops)
# Problematic frame:
# V  [jvm.dll+0x25d171]
#
# Failed to write core dump. Minidumps are not enabled by default on client versions of Windows
#
# If you would like to submit a bug report, please visit:
#   http://bugreport.sun.com/bugreport/crash.jsp
#

---------------  T H R E A D  ---------------

Current thread (0x00000000155fc800):  JavaThread "FileSystemWatcher: files=#11 cl=groovy.lang.GroovyClassLoader@47e1373e" daemon [_thread_in_vm, id=5480, stack(0x000000001e200000,0x000000001e300000)]

siginfo: ExceptionCode=0xc0000005, reading address 0xffffffffffffffff

Registers:
RAX=0x0000000002697500, RBX=0x000000001e2fcca0, RCX=0x000000001e2fcd80, RDX=0x0000000002664f90
RSP=0x000000001e2fcc40, RBP=0x000000001e2fcd70, RSI=0x000000001e2fcdb0, RDI=0x000000001e2fcd80
R8 =0xcccccccccc0000c2, R9 =0xcccccccccccccccc, R10=0x0000000000000464, R11=0x000000001e2fcc30
R12=0xcccccccccccccccc, R13=0x0000000012e65040, R14=0x0000000000000000, R15=0x0000000019d32820
RIP=0x0000000068dfd171, EFLAGS=0x0000000000010246

Top of Stack: (sp=0x000000001e2fcc40)
0x000000001e2fcc40:   00000000c6b336d0 000000001e2fcd70
0x000000001e2fcc50:   000000001e2fcdb0 000000001296d860
0x000000001e2fcc60:   0000000000000000 0000000068bdd656
0x000000001e2fcc70:   0000000002c35e50 0000000000000000
0x000000001e2fcc80:   0000000000000000 0000000000000009
0x000000001e2fcc90:   0000000d616f0101 0000000002c35e50
0x000000001e2fcca0:   0000000068bb16e0 cccccccccccccccc
0x000000001e2fccb0:   0000000000000000 0000000000000000
0x000000001e2fccc0:   cccccccccc0000c2 0000000068bb16e0
0x000000001e2fccd0:   0000000000000400 0000000019d32c08
0x000000001e2fcce0:   00000000155fc800 0000000002c36020
0x000000001e2fccf0:   000000000000000a 0000000002c35e50
0x000000001e2fcd00:   0000000000000000 0000000019d32830
0x000000001e2fcd10:   00000000139966a8 00000000f6f73510
0x000000001e2fcd20:   00000000f6f73530 00000000f6f735c0
0x000000001e2fcd30:   000000000000000d 0000000000000000 

Instructions: (pc=0x0000000068dfd171)
0x0000000068dfd151:   cb e8 49 fe ff ff 48 8b c7 48 8b 5c 24 30 48 8b
0x0000000068dfd161:   74 24 38 48 83 c4 20 5f c3 4c 8b 43 20 48 8b cf
0x0000000068dfd171:   4d 8b 48 08 49 8d 50 10 4d 8b 00 e8 1f 7d dd ff
0x0000000068dfd181:   48 8b 5c 24 30 48 8b 74 24 38 48 8b c7 48 83 c4 


Register to memory mapping:

RAX=0x0000000002697500 is pointing into interpreter code (not bytecode specific)
RBX=0x000000001e2fcca0 is pointing into the stack for thread: 0x00000000155fc800
RCX=0x000000001e2fcd80 is pointing into the stack for thread: 0x00000000155fc800
RDX=0x0000000002664f90 [CodeBlob (0x0000000002664f90)]
Framesize: 6
RicochetBlob
RSP=0x000000001e2fcc40 is pointing into the stack for thread: 0x00000000155fc800
RBP=0x000000001e2fcd70 is pointing into the stack for thread: 0x00000000155fc800
RSI=0x000000001e2fcdb0 is pointing into the stack for thread: 0x00000000155fc800
RDI=0x000000001e2fcd80 is pointing into the stack for thread: 0x00000000155fc800
R8 =0xcccccccccc0000c2 is an unknown value
R9 =0xcccccccccccccccc is an unknown value
R10=0x0000000000000464 is an unknown value
R11=0x000000001e2fcc30 is pointing into the stack for thread: 0x00000000155fc800
R12=0xcccccccccccccccc is an unknown value
R13=0x0000000012e65040 is an unknown value
R14=0x0000000000000000 is an unknown value
R15=0x0000000019d32820 is an unknown value


Stack: [0x000000001e200000,0x000000001e300000],  sp=0x000000001e2fcc40,  free space=1011k
Native frames: (J=compiled Java code, j=interpreted, Vv=VM code, C=native code)
V  [jvm.dll+0x25d171]
C  0x000000001e2feba8
V  [jvm.dll+0x1a6844]

Java frames: (J=compiled Java code, j=interpreted, Vv=VM code)
J  java.lang.Throwable.fillInStackTrace(I)Ljava/lang/Throwable;
J  java.lang.ClassNotFoundException.<init>(Ljava/lang/String;)V
J  java.net.URLClassLoader$1.run()Ljava/lang/Object;
v  ~StubRoutines::call_stub
J  java.security.AccessController.doPrivileged(Ljava/security/PrivilegedExceptionAction;Ljava/security/AccessControlContext;)Ljava/lang/Object;
J  org.codehaus.groovy.tools.RootLoader.loadClass(Ljava/lang/String;Z)Ljava/lang/Class;
J  org.codehaus.groovy.grails.cli.support.GrailsRootLoader.loadClass(Ljava/lang/String;Z)Ljava/lang/Class;
J  java.lang.ClassLoader.loadClass(Ljava/lang/String;Z)Ljava/lang/Class;
j  groovy.lang.GroovyClassLoader.loadClass(Ljava/lang/String;ZZZ)Ljava/lang/Class;+30
j  groovy.lang.GroovyClassLoader.loadClass(Ljava/lang/String;Z)Ljava/lang/Class;+5
J  java.lang.ClassLoader.loadClass(Ljava/lang/String;Z)Ljava/lang/Class;
J  java.lang.ClassLoader.loadClass(Ljava/lang/String;)Ljava/lang/Class;
v  ~StubRoutines::call_stub
j  mx.gob.inr.utils.ConstantesHojaEnfermeria$$EOKePlge.___clinit___()V+9
C  0x000000000000005e
V  [jvm.dll+0x1a6844]
C  0x0000000013996680
C  0x0000000000000000
V  [jvm.dll+0x1cd740]
C  0xcccccccccccccccc

[error occurred during error reporting (printing Java stack), id 0xc0000005]


---------------  P R O C E S S  ---------------

Java Threads: ( => current thread )
  0x00000000155ff000 JavaThread "FileSystemWatcher: files=#7 cl=groovy.lang.GroovyClassLoader@225798c9" daemon [_thread_blocked, id=1468, stack(0x0000000019590000,0x0000000019690000)]
  0x00000000155fd800 JavaThread "FileSystemWatcher: files=#11 cl=groovy.lang.GroovyClassLoader@597986e2" daemon [_thread_blocked, id=7244, stack(0x000000001e340000,0x000000001e440000)]
=>0x00000000155fc800 JavaThread "FileSystemWatcher: files=#11 cl=groovy.lang.GroovyClassLoader@47e1373e" daemon [_thread_in_vm, id=5480, stack(0x000000001e200000,0x000000001e300000)]
  0x00000000155fc000 JavaThread "FileSystemWatcher: files=#11 cl=groovy.lang.GroovyClassLoader@3dee3536" daemon [_thread_blocked, id=5496, stack(0x000000001e090000,0x000000001e190000)]
  0x00000000155fb000 JavaThread "FileSystemWatcher: files=#11 cl=groovy.lang.GroovyClassLoader@5e7dae5a" daemon [_thread_blocked, id=7060, stack(0x000000001dec0000,0x000000001dfc0000)]
  0x00000000155fa800 JavaThread "pool-3-thread-1" [_thread_blocked, id=8184, stack(0x0000000019210000,0x0000000019310000)]
  0x00000000155f9800 JavaThread "mx.gob.inr.seguridad.Perfil.data" daemon [_thread_blocked, id=6112, stack(0x000000001dc60000,0x000000001dd60000)]
  0x0000000012d71000 JavaThread "net.sf.ehcache.CacheManager@36da853b" daemon [_thread_blocked, id=8836, stack(0x000000000e500000,0x000000000e600000)]
  0x00000000155f8000 JavaThread "FileSystemWatcher: files=#6 cl=groovy.lang.GroovyClassLoader@73701a78" daemon [_thread_blocked, id=5320, stack(0x0000000018830000,0x0000000018930000)]
  0x0000000012d76800 JavaThread "http-bio-8091-exec-11" daemon [_thread_blocked, id=5288, stack(0x000000001abc0000,0x000000001acc0000)]
  0x0000000012d75800 JavaThread "http-bio-8091-exec-10" daemon [_thread_blocked, id=2052, stack(0x000000001aa30000,0x000000001ab30000)]
  0x0000000012d75000 JavaThread "http-bio-8091-exec-9" daemon [_thread_blocked, id=7140, stack(0x000000001a820000,0x000000001a920000)]
  0x0000000012d74000 JavaThread "http-bio-8091-exec-8" daemon [_thread_blocked, id=6088, stack(0x000000000e670000,0x000000000e770000)]
  0x0000000012d73800 JavaThread "http-bio-8091-exec-7" daemon [_thread_blocked, id=7372, stack(0x0000000019490000,0x0000000019590000)]
  0x0000000012d72800 JavaThread "http-bio-8091-exec-6" daemon [_thread_blocked, id=8308, stack(0x000000001a690000,0x000000001a790000)]
  0x0000000012d72000 JavaThread "http-bio-8091-exec-5" daemon [_thread_blocked, id=6000, stack(0x0000000019370000,0x0000000019470000)]
  0x0000000012d70800 JavaThread "http-bio-8091-exec-3" daemon [_thread_blocked, id=5572, stack(0x00000000190d0000,0x00000000191d0000)]
  0x0000000012d6f800 JavaThread "http-bio-8091-exec-2" daemon [_thread_blocked, id=6724, stack(0x0000000018ed0000,0x0000000018fd0000)]
  0x0000000012d69800 JavaThread "http-bio-8091-exec-1" daemon [_thread_blocked, id=7464, stack(0x000000000d380000,0x000000000d480000)]
  0x0000000012d6e800 JavaThread "Thread-8" daemon [_thread_blocked, id=7916, stack(0x0000000018d00000,0x0000000018e00000)]
  0x0000000012d6e000 JavaThread "http-bio-8091-AsyncTimeout" daemon [_thread_blocked, id=1156, stack(0x0000000018ab0000,0x0000000018bb0000)]
  0x0000000012d6d000 JavaThread "http-bio-8091-Acceptor-0" daemon [_thread_in_native, id=7564, stack(0x0000000018220000,0x0000000018320000)]
  0x0000000012d6c800 JavaThread "ContainerBackgroundProcessor[StandardEngine[Tomcat]]" daemon [_thread_blocked, id=6728, stack(0x0000000018330000,0x0000000018430000)]
  0x0000000012d6b000 JavaThread "mx.gob.inr.seguridad.Perfil.data" daemon [_thread_blocked, id=6712, stack(0x0000000013f90000,0x0000000014090000)]
  0x0000000012d6b800 JavaThread "net.sf.ehcache.CacheManager@44c05a21" daemon [_thread_blocked, id=4588, stack(0x00000000140f0000,0x00000000141f0000)]
  0x0000000012d68800 JavaThread "pool-2-thread-5" [_thread_blocked, id=8116, stack(0x0000000018bd0000,0x0000000018cd0000)]
  0x0000000012d68000 JavaThread "pool-2-thread-4" [_thread_blocked, id=1864, stack(0x00000000185f0000,0x00000000186f0000)]
  0x000000000ef6e000 JavaThread "pool-2-thread-3" [_thread_blocked, id=8952, stack(0x0000000018960000,0x0000000018a60000)]
  0x0000000015135000 JavaThread "pool-2-thread-2" [_thread_blocked, id=8144, stack(0x0000000018720000,0x0000000018820000)]
  0x0000000013413000 JavaThread "pool-2-thread-1" [_thread_blocked, id=8452, stack(0x00000000184e0000,0x00000000185e0000)]
  0x0000000012665800 JavaThread "pool-1-thread-5" [_thread_blocked, id=6676, stack(0x0000000013e50000,0x0000000013f50000)]
  0x0000000012c37800 JavaThread "pool-1-thread-4" [_thread_blocked, id=8672, stack(0x0000000013ab0000,0x0000000013bb0000)]
  0x000000000d6eb800 JavaThread "pool-1-thread-3" [_thread_blocked, id=7560, stack(0x0000000013ce0000,0x0000000013de0000)]
  0x000000000fc5f800 JavaThread "pool-1-thread-2" [_thread_blocked, id=5880, stack(0x000000000e790000,0x000000000e890000)]
  0x000000000e001000 JavaThread "pool-1-thread-1" [_thread_blocked, id=5404, stack(0x0000000013bc0000,0x0000000013cc0000)]
  0x00000000176a9000 JavaThread "FileSystemWatcher: files=#383 cl=java.net.URLClassLoader@6d8b1758" daemon [_thread_blocked, id=7816, stack(0x0000000010980000,0x0000000010a80000)]
  0x000000000b090000 JavaThread "Service Thread" daemon [_thread_blocked, id=5012, stack(0x000000000c6e0000,0x000000000c7e0000)]
  0x000000000b08e800 JavaThread "C2 CompilerThread1" daemon [_thread_blocked, id=5664, stack(0x000000000c3b0000,0x000000000c4b0000)]
  0x000000000b08d800 JavaThread "C2 CompilerThread0" daemon [_thread_blocked, id=3708, stack(0x000000000c500000,0x000000000c600000)]
  0x000000000b019000 JavaThread "JDWP Command Reader" daemon [_thread_in_native, id=1600, stack(0x000000000c270000,0x000000000c370000)]
  0x000000000b018000 JavaThread "JDWP Event Helper Thread" daemon [_thread_blocked, id=3208, stack(0x000000000c0c0000,0x000000000c1c0000)]
  0x000000000b009800 JavaThread "JDWP Transport Listener: dt_socket" daemon [_thread_blocked, id=6596, stack(0x000000000be50000,0x000000000bf50000)]
  0x000000000affd800 JavaThread "Attach Listener" daemon [_thread_blocked, id=6376, stack(0x000000000b5f0000,0x000000000b6f0000)]
  0x000000000affc800 JavaThread "Signal Dispatcher" daemon [_thread_blocked, id=7740, stack(0x000000000b450000,0x000000000b550000)]
  0x000000000919c800 JavaThread "Finalizer" daemon [_thread_blocked, id=3632, stack(0x000000000aeb0000,0x000000000afb0000)]
  0x0000000009193000 JavaThread "Reference Handler" daemon [_thread_blocked, id=6516, stack(0x000000000ab80000,0x000000000ac80000)]
  0x00000000021ff000 JavaThread "main" [_thread_blocked, id=8572, stack(0x0000000002560000,0x0000000002660000)]

Other Threads:
  0x0000000009188800 VMThread [stack: 0x000000000acc0000,0x000000000adc0000] [id=6968]
  0x000000000b0c9800 WatcherThread [stack: 0x000000000c880000,0x000000000c980000] [id=2512]

VM state:not at safepoint (normal execution)

VM Mutex/Monitor currently owned by a thread: None

Heap
 PSYoungGen      total 257856K, used 115023K [0x00000000f0000000, 0x0000000100000000, 0x0000000100000000)
  eden space 253440K, 45% used [0x00000000f0000000,0x00000000f6f73c18,0x00000000ff780000)
  from space 4416K, 20% used [0x00000000ffbb0000,0x00000000ffc90020,0x0000000100000000)
  to   space 4288K, 0% used [0x00000000ff780000,0x00000000ff780000,0x00000000ffbb0000)
 ParOldGen       total 230912K, used 204695K [0x00000000d0000000, 0x00000000de180000, 0x00000000f0000000)
  object space 230912K, 88% used [0x00000000d0000000,0x00000000dc7e5c48,0x00000000de180000)
 PSPermGen       total 143872K, used 109776K [0x00000000c0000000, 0x00000000c8c80000, 0x00000000d0000000)
  object space 143872K, 76% used [0x00000000c0000000,0x00000000c6b343e8,0x00000000c8c80000)

Card table byte_map: [0x0000000005660000,0x0000000005870000] byte_map_base: 0x0000000005060000

Polling page: 0x0000000000320000

Code Cache  [0x0000000002660000, 0x00000000031b0000, 0x0000000005660000)
 total_blobs=3113 nmethods=2427 adapters=642 free_code_cache=37734Kb largest_free_block=38501568

Compilation events (10 events):
Event: 8805.710 Thread 0x000000000b08d800 2696             org.apache.tomcat.util.http.MimeHeaders::getValue (44 bytes)
Event: 8805.726 Thread 0x000000000b08d800 nmethod 2696 0x0000000003169810 code [0x00000000031699a0, 0x000000000316a2d8]
Event: 8839.928 Thread 0x000000000b08e800 2697             org.apache.tools.ant.PropertyHelper::getProperty (90 bytes)
Event: 8839.936 Thread 0x000000000b08e800 nmethod 2697 0x000000000318c990 code [0x000000000318cb40, 0x000000000318cfd8]
Event: 9314.298 Thread 0x000000000b08d800 2698             org.springsource.loaded.TypeRegistry::typeRegistryExistsForId (52 bytes)
Event: 9314.310 Thread 0x000000000b08d800 nmethod 2698 0x0000000003189ed0 code [0x000000000318a060, 0x000000000318a508]
Event: 12136.796 Thread 0x000000000b08e800 2699             org.apache.tools.ant.DirectoryScanner::fillNonPatternSet (111 bytes)
Event: 12136.799 Thread 0x000000000b08d800 2700             org.apache.tools.ant.types.resources.Union::getCollection (109 bytes)
Event: 12136.804 Thread 0x000000000b08e800 nmethod 2699 0x000000000318e110 code [0x000000000318e300, 0x000000000318eaa0]
Event: 12136.842 Thread 0x000000000b08d800 nmethod 2700 0x00000000031a0d10 code [0x00000000031a1380, 0x00000000031a5340]

GC Heap History (10 events):
Event: 8735.539 GC heap before
{Heap before GC invocations=264 (full 2):
 PSYoungGen      total 257984K, used 255504K [0x00000000f0000000, 0x0000000100000000, 0x0000000100000000)
  eden space 253824K, 100% used [0x00000000f0000000,0x00000000ff7e0000,0x00000000ff7e0000)
  from space 4160K, 40% used [0x00000000ff7e0000,0x00000000ff984060,0x00000000ffbf0000)
  to   space 4160K, 0% used [0x00000000ffbf0000,0x00000000ffbf0000,0x0000000100000000)
 ParOldGen       total 230912K, used 203484K [0x00000000d0000000, 0x00000000de180000, 0x00000000f0000000)
  object space 230912K, 88% used [0x00000000d0000000,0x00000000dc6b7270,0x00000000de180000)
 PSPermGen       total 143872K, used 109610K [0x00000000c0000000, 0x00000000c8c80000, 0x00000000d0000000)
  object space 143872K, 76% used [0x00000000c0000000,0x00000000c6b0aa78,0x00000000c8c80000)
Event: 8735.543 GC heap after
Heap after GC invocations=264 (full 2):
 PSYoungGen      total 257856K, used 832K [0x00000000f0000000, 0x0000000100000000, 0x0000000100000000)
  eden space 253696K, 0% used [0x00000000f0000000,0x00000000f0000000,0x00000000ff7c0000)
  from space 4160K, 20% used [0x00000000ffbf0000,0x00000000ffcc0040,0x0000000100000000)
  to   space 4224K, 0% used [0x00000000ff7c0000,0x00000000ff7c0000,0x00000000ffbe0000)
 ParOldGen       total 230912K, used 204328K [0x00000000d0000000, 0x00000000de180000, 0x00000000f0000000)
  object space 230912K, 88% used [0x00000000d0000000,0x00000000dc78a278,0x00000000de180000)
 PSPermGen       total 143872K, used 109610K [0x00000000c0000000, 0x00000000c8c80000, 0x00000000d0000000)
  object space 143872K, 76% used [0x00000000c0000000,0x00000000c6b0aa78,0x00000000c8c80000)
}
Event: 8735.782 GC heap before
{Heap before GC invocations=265 (full 2):
 PSYoungGen      total 257856K, used 254528K [0x00000000f0000000, 0x0000000100000000, 0x0000000100000000)
  eden space 253696K, 100% used [0x00000000f0000000,0x00000000ff7c0000,0x00000000ff7c0000)
  from space 4160K, 20% used [0x00000000ffbf0000,0x00000000ffcc0040,0x0000000100000000)
  to   space 4224K, 0% used [0x00000000ff7c0000,0x00000000ff7c0000,0x00000000ffbe0000)
 ParOldGen       total 230912K, used 204328K [0x00000000d0000000, 0x00000000de180000, 0x00000000f0000000)
  object space 230912K, 88% used [0x00000000d0000000,0x00000000dc78a278,0x00000000de180000)
 PSPermGen       total 143872K, used 109614K [0x00000000c0000000, 0x00000000c8c80000, 0x00000000d0000000)
  object space 143872K, 76% used [0x00000000c0000000,0x00000000c6b0b980,0x00000000c8c80000)
Event: 8735.785 GC heap after
Heap after GC invocations=265 (full 2):
 PSYoungGen      total 254400K, used 672K [0x00000000f0000000, 0x0000000100000000, 0x0000000100000000)
  eden space 253696K, 0% used [0x00000000f0000000,0x00000000f0000000,0x00000000ff7c0000)
  from space 704K, 95% used [0x00000000ff7c0000,0x00000000ff868030,0x00000000ff870000)
  to   space 4352K, 0% used [0x00000000ffbc0000,0x00000000ffbc0000,0x0000000100000000)
 ParOldGen       total 230912K, used 204507K [0x00000000d0000000, 0x00000000de180000, 0x00000000f0000000)
  object space 230912K, 88% used [0x00000000d0000000,0x00000000dc7b6f18,0x00000000de180000)
 PSPermGen       total 143872K, used 109614K [0x00000000c0000000, 0x00000000c8c80000, 0x00000000d0000000)
  object space 143872K, 76% used [0x00000000c0000000,0x00000000c6b0b980,0x00000000c8c80000)
}
Event: 8736.021 GC heap before
{Heap before GC invocations=266 (full 2):
 PSYoungGen      total 254400K, used 254368K [0x00000000f0000000, 0x0000000100000000, 0x0000000100000000)
  eden space 253696K, 100% used [0x00000000f0000000,0x00000000ff7c0000,0x00000000ff7c0000)
  from space 704K, 95% used [0x00000000ff7c0000,0x00000000ff868030,0x00000000ff870000)
  to   space 4352K, 0% used [0x00000000ffbc0000,0x00000000ffbc0000,0x0000000100000000)
 ParOldGen       total 230912K, used 204507K [0x00000000d0000000, 0x00000000de180000, 0x00000000f0000000)
  object space 230912K, 88% used [0x00000000d0000000,0x00000000dc7b6f18,0x00000000de180000)
 PSPermGen       total 143872K, used 109616K [0x00000000c0000000, 0x00000000c8c80000, 0x00000000d0000000)
  object space 143872K, 76% used [0x00000000c0000000,0x00000000c6b0c158,0x00000000c8c80000)
Event: 8736.024 GC heap after
Heap after GC invocations=266 (full 2):
 PSYoungGen      total 257792K, used 672K [0x00000000f0000000, 0x0000000100000000, 0x0000000100000000)
  eden space 253440K, 0% used [0x00000000f0000000,0x00000000f0000000,0x00000000ff780000)
  from space 4352K, 15% used [0x00000000ffbc0000,0x00000000ffc68030,0x0000000100000000)
  to   space 4352K, 0% used [0x00000000ff780000,0x00000000ff780000,0x00000000ffbc0000)
 ParOldGen       total 230912K, used 204552K [0x00000000d0000000, 0x00000000de180000, 0x00000000f0000000)
  object space 230912K, 88% used [0x00000000d0000000,0x00000000dc7c2250,0x00000000de180000)
 PSPermGen       total 143872K, used 109616K [0x00000000c0000000, 0x00000000c8c80000, 0x00000000d0000000)
  object space 143872K, 76% used [0x00000000c0000000,0x00000000c6b0c158,0x00000000c8c80000)
}
Event: 8736.255 GC heap before
{Heap before GC invocations=267 (full 2):
 PSYoungGen      total 257792K, used 254112K [0x00000000f0000000, 0x0000000100000000, 0x0000000100000000)
  eden space 253440K, 100% used [0x00000000f0000000,0x00000000ff780000,0x00000000ff780000)
  from space 4352K, 15% used [0x00000000ffbc0000,0x00000000ffc68030,0x0000000100000000)
  to   space 4352K, 0% used [0x00000000ff780000,0x00000000ff780000,0x00000000ffbc0000)
 ParOldGen       total 230912K, used 204552K [0x00000000d0000000, 0x00000000de180000, 0x00000000f0000000)
  object space 230912K, 88% used [0x00000000d0000000,0x00000000dc7c2250,0x00000000de180000)
 PSPermGen       total 143872K, used 109616K [0x00000000c0000000, 0x00000000c8c80000, 0x00000000d0000000)
  object space 143872K, 76% used [0x00000000c0000000,0x00000000c6b0c250,0x00000000c8c80000)
Event: 8736.258 GC heap after
Heap after GC invocations=267 (full 2):
 PSYoungGen      total 254080K, used 608K [0x00000000f0000000, 0x0000000100000000, 0x0000000100000000)
  eden space 253440K, 0% used [0x00000000f0000000,0x00000000f0000000,0x00000000ff780000)
  from space 640K, 95% used [0x00000000ff780000,0x00000000ff818020,0x00000000ff820000)
  to   space 4416K, 0% used [0x00000000ffbb0000,0x00000000ffbb0000,0x0000000100000000)
 ParOldGen       total 230912K, used 204663K [0x00000000d0000000, 0x00000000de180000, 0x00000000f0000000)
  object space 230912K, 88% used [0x00000000d0000000,0x00000000dc7ddc48,0x00000000de180000)
 PSPermGen       total 143872K, used 109616K [0x00000000c0000000, 0x00000000c8c80000, 0x00000000d0000000)
  object space 143872K, 76% used [0x00000000c0000000,0x00000000c6b0c250,0x00000000c8c80000)
}
Event: 10715.986 GC heap before
{Heap before GC invocations=268 (full 2):
 PSYoungGen      total 254080K, used 254048K [0x00000000f0000000, 0x0000000100000000, 0x0000000100000000)
  eden space 253440K, 100% used [0x00000000f0000000,0x00000000ff780000,0x00000000ff780000)
  from space 640K, 95% used [0x00000000ff780000,0x00000000ff818020,0x00000000ff820000)
  to   space 4416K, 0% used [0x00000000ffbb0000,0x00000000ffbb0000,0x0000000100000000)
 ParOldGen       total 230912K, used 204663K [0x00000000d0000000, 0x00000000de180000, 0x00000000f0000000)
  object space 230912K, 88% used [0x00000000d0000000,0x00000000dc7ddc48,0x00000000de180000)
 PSPermGen       total 143872K, used 109648K [0x00000000c0000000, 0x00000000c8c80000, 0x00000000d0000000)
  object space 143872K, 76% used [0x00000000c0000000,0x00000000c6b14338,0x00000000c8c80000)
Event: 10715.995 GC heap after
Heap after GC invocations=268 (full 2):
 PSYoungGen      total 257856K, used 896K [0x00000000f0000000, 0x0000000100000000, 0x0000000100000000)
  eden space 253440K, 0% used [0x00000000f0000000,0x00000000f0000000,0x00000000ff780000)
  from space 4416K, 20% used [0x00000000ffbb0000,0x00000000ffc90020,0x0000000100000000)
  to   space 4288K, 0% used [0x00000000ff780000,0x00000000ff780000,0x00000000ffbb0000)
 ParOldGen       total 230912K, used 204695K [0x00000000d0000000, 0x00000000de180000, 0x00000000f0000000)
  object space 230912K, 88% used [0x00000000d0000000,0x00000000dc7e5c48,0x00000000de180000)
 PSPermGen       total 143872K, used 109648K [0x00000000c0000000, 0x00000000c8c80000, 0x00000000d0000000)
  object space 143872K, 76% used [0x00000000c0000000,0x00000000c6b14338,0x00000000c8c80000)
}

Deoptimization events (10 events):
Event: 12136.850 Thread 0x0000000012d6e800 Uncommon trap -89 fr.pc 0x0000000002d84ef4
Event: 12136.850 Thread 0x0000000012d6e800 Uncommon trap -89 fr.pc 0x0000000002d84ef4
Event: 12137.137 Thread 0x00000000155fc000 Uncommon trap -83 fr.pc 0x000000000293db48
Event: 12137.137 Thread 0x00000000155fc800 Uncommon trap -83 fr.pc 0x000000000293db48
Event: 12137.137 Thread 0x00000000155fc000 Uncommon trap -83 fr.pc 0x0000000002be7bb0
Event: 12137.137 Thread 0x00000000155fc800 Uncommon trap -83 fr.pc 0x0000000002be7bb0
Event: 12137.137 Thread 0x00000000155fc000 Uncommon trap -83 fr.pc 0x0000000002be7eec
Event: 12137.137 Thread 0x00000000155fc800 Uncommon trap -83 fr.pc 0x0000000002be7eec
Event: 12137.138 Thread 0x00000000155fc000 Uncommon trap -34 fr.pc 0x0000000002fc21c8
Event: 12137.138 Thread 0x00000000155fc800 Uncommon trap -34 fr.pc 0x0000000002fc21c8

Internal exceptions (10 events):
Event: 12136.826 Thread 0x0000000012d6e800 Threw 0x00000000f6cd4cb8 at C:\jdk7u2_64p\jdk7u25\hotspot\src\share\vm\prims\jvm.cpp:1235
Event: 12136.826 Thread 0x0000000012d6e800 Threw 0x00000000f6cd4ee0 at C:\jdk7u2_64p\jdk7u25\hotspot\src\share\vm\prims\jvm.cpp:1235
Event: 12136.826 Thread 0x0000000012d6e800 Threw 0x00000000f6cd61a8 at C:\jdk7u2_64p\jdk7u25\hotspot\src\share\vm\prims\jvm.cpp:1235
Event: 12136.826 Thread 0x0000000012d6e800 Threw 0x00000000f6cd63d0 at C:\jdk7u2_64p\jdk7u25\hotspot\src\share\vm\prims\jvm.cpp:1235
Event: 12137.137 Thread 0x00000000155fc000 Implicit null exception at 0x000000000293d9c4 to 0x000000000293db39
Event: 12137.137 Thread 0x00000000155fc800 Implicit null exception at 0x000000000293d9c4 to 0x000000000293db39
Event: 12137.137 Thread 0x00000000155fc000 Implicit null exception at 0x0000000002be79bf to 0x0000000002be7b8c
Event: 12137.137 Thread 0x00000000155fc800 Implicit null exception at 0x0000000002be79bf to 0x0000000002be7b8c
Event: 12137.137 Thread 0x00000000155fc000 Implicit null exception at 0x0000000002be7ddf to 0x0000000002be7ec9
Event: 12137.137 Thread 0x00000000155fc800 Implicit null exception at 0x0000000002be7ddf to 0x0000000002be7ec9

Events (10 events):
Event: 12137.137 Thread 0x00000000155fc000 DEOPT PACKING pc=0x0000000002be7eec sp=0x000000001e18d4e0
Event: 12137.137 Thread 0x00000000155fc000 DEOPT UNPACKING pc=0x0000000002699164 sp=0x000000001e18d480 mode 2
Event: 12137.137 Thread 0x00000000155fc800 DEOPT PACKING pc=0x0000000002be7eec sp=0x000000001e2fd950
Event: 12137.137 Thread 0x00000000155fc800 DEOPT UNPACKING pc=0x0000000002699164 sp=0x000000001e2fd8f0 mode 2
Event: 12137.138 Executing VM operation: RevokeBias
Event: 12137.138 Executing VM operation: RevokeBias done
Event: 12137.138 Thread 0x00000000155fc000 DEOPT PACKING pc=0x0000000002fc21c8 sp=0x000000001e18ed70
Event: 12137.138 Thread 0x00000000155fc800 DEOPT PACKING pc=0x0000000002fc21c8 sp=0x000000001e2ff1e0
Event: 12137.138 Thread 0x00000000155fc000 DEOPT UNPACKING pc=0x0000000002699164 sp=0x000000001e18ecb0 mode 2
Event: 12137.138 Thread 0x00000000155fc800 DEOPT UNPACKING pc=0x0000000002699164 sp=0x000000001e2ff120 mode 2


Dynamic libraries:
0x000000013f060000 - 0x000000013f093000 	C:\Program Files\Java\jdk1.7.0_25\bin\javaw.exe
0x00000000771e0000 - 0x0000000077389000 	C:\Windows\SYSTEM32\ntdll.dll
0x00000000770c0000 - 0x00000000771df000 	C:\Windows\system32\kernel32.dll
0x000007fefc2d0000 - 0x000007fefc33b000 	C:\Windows\system32\KERNELBASE.dll
0x000007fefd190000 - 0x000007fefd26b000 	C:\Windows\system32\ADVAPI32.dll
0x000007fefcb10000 - 0x000007fefcbaf000 	C:\Windows\system32\msvcrt.dll
0x000007fefe7e0000 - 0x000007fefe7ff000 	C:\Windows\SYSTEM32\sechost.dll
0x000007fefd580000 - 0x000007fefd6ad000 	C:\Windows\system32\RPCRT4.dll
0x0000000076fc0000 - 0x00000000770ba000 	C:\Windows\system32\USER32.dll
0x000007fefc710000 - 0x000007fefc777000 	C:\Windows\system32\GDI32.dll
0x000007fefc610000 - 0x000007fefc61e000 	C:\Windows\system32\LPK.dll
0x000007fefd2f0000 - 0x000007fefd3b9000 	C:\Windows\system32\USP10.dll
0x000007fefac30000 - 0x000007fefae24000 	C:\Windows\WinSxS\amd64_microsoft.windows.common-controls_6595b64144ccf1df_6.0.7601.17514_none_fa396087175ac9ac\COMCTL32.dll
0x000007fefd270000 - 0x000007fefd2e1000 	C:\Windows\system32\SHLWAPI.dll
0x000007fefd3c0000 - 0x000007fefd3ee000 	C:\Windows\system32\IMM32.DLL
0x000007fefd470000 - 0x000007fefd579000 	C:\Windows\system32\MSCTF.dll
0x00000000692b0000 - 0x0000000069381000 	C:\Program Files\Java\jdk1.7.0_25\jre\bin\msvcr100.dll
0x0000000068ba0000 - 0x00000000692af000 	C:\Program Files\Java\jdk1.7.0_25\jre\bin\server\jvm.dll
0x000007fef3de0000 - 0x000007fef3de9000 	C:\Windows\system32\WSOCK32.dll
0x000007fefc620000 - 0x000007fefc66d000 	C:\Windows\system32\WS2_32.dll
0x000007fefcbb0000 - 0x000007fefcbb8000 	C:\Windows\system32\NSI.dll
0x000007fef9a20000 - 0x000007fef9a5b000 	C:\Windows\system32\WINMM.dll
0x00000000773a0000 - 0x00000000773a7000 	C:\Windows\system32\PSAPI.DLL
0x0000000074b50000 - 0x0000000074b5f000 	C:\Program Files\Java\jdk1.7.0_25\jre\bin\verify.dll
0x0000000074a40000 - 0x0000000074a68000 	C:\Program Files\Java\jdk1.7.0_25\jre\bin\java.dll
0x0000000065c30000 - 0x0000000065c65000 	C:\Program Files\Java\jdk1.7.0_25\jre\bin\jdwp.dll
0x0000000074a70000 - 0x0000000074a78000 	C:\Program Files\Java\jdk1.7.0_25\jre\bin\npt.dll
0x00000000668c0000 - 0x00000000668e3000 	C:\Program Files\Java\jdk1.7.0_25\jre\bin\instrument.dll
0x0000000074a80000 - 0x0000000074a95000 	C:\Program Files\Java\jdk1.7.0_25\jre\bin\zip.dll
0x0000000069640000 - 0x0000000069649000 	C:\Program Files\Java\jdk1.7.0_25\jre\bin\dt_socket.dll
0x000007fef9cc0000 - 0x000007fef9cd5000 	C:\Windows\system32\NLAapi.dll
0x000007fef3fd0000 - 0x000007fef3fe5000 	C:\Windows\system32\napinsp.dll
0x000007fef3fb0000 - 0x000007fef3fc9000 	C:\Windows\system32\pnrpnsp.dll
0x000007fefb9d0000 - 0x000007fefba25000 	C:\Windows\System32\mswsock.dll
0x000007fefb860000 - 0x000007fefb8bb000 	C:\Windows\system32\DNSAPI.dll
0x000007fef3fa0000 - 0x000007fef3fab000 	C:\Windows\System32\winrnr.dll
0x000007fef9770000 - 0x000007fef9797000 	C:\Windows\system32\IPHLPAPI.DLL
0x000007fef9760000 - 0x000007fef976b000 	C:\Windows\system32\WINNSI.DLL
0x000007fef95e0000 - 0x000007fef9633000 	C:\Windows\System32\fwpuclnt.dll
0x000007fef5160000 - 0x000007fef5168000 	C:\Windows\system32\rasadhlp.dll
0x000007fefb410000 - 0x000007fefb417000 	C:\Windows\System32\wshtcpip.dll
0x000007fefbb60000 - 0x000007fefbb77000 	C:\Windows\system32\CRYPTSP.dll
0x000007fefb740000 - 0x000007fefb787000 	C:\Windows\system32\rsaenh.dll
0x000007fefb520000 - 0x000007fefb53e000 	C:\Windows\system32\USERENV.dll
0x000007fefc1e0000 - 0x000007fefc1ef000 	C:\Windows\system32\profapi.dll
0x000007fefc0d0000 - 0x000007fefc0df000 	C:\Windows\system32\CRYPTBASE.dll
0x00000000696b0000 - 0x00000000696c9000 	C:\Program Files\Java\jdk1.7.0_25\jre\bin\net.dll
0x000007fefbf20000 - 0x000007fefbf27000 	C:\Windows\System32\wship6.dll
0x0000000069690000 - 0x00000000696a1000 	C:\Program Files\Java\jdk1.7.0_25\jre\bin\nio.dll
0x0000000180000000 - 0x0000000180037000 	C:\Users\lprado\AppData\Local\Temp\jna8670778746366739649.dll
0x0000000000370000 - 0x0000000000380000 	C:\Users\lprado\AppData\Local\Temp\jline_.dll
0x0000000068b50000 - 0x0000000068b5b000 	C:\Program Files\Java\jdk1.7.0_25\jre\bin\management.dll
0x000007fef3250000 - 0x000007fef3375000 	C:\Windows\system32\dbghelp.dll

VM Arguments:
jvm_args: -agentlib:jdwp=transport=dt_socket,suspend=y,address=localhost:36739 -Xmx768M -XX:MaxPermSize=256m -Dbase.dir=F:\Proyectos\enfermeria -Djline.terminal=jline.UnsupportedTerminal -Dgrails.home=F:\Desarrollo\springsource\grails-2.2.3\ -javaagent:F:\Desarrollo\springsource\grails-2.2.3\lib\org.springsource.springloaded\springloaded-core\jars\springloaded-core-1.1.3.jar -Xverify:none -Dspringloaded=profile=grails;cacheDir=F:\workspaces\grails\.metadata\.plugins\org.grails.ide.eclipse.core\2.2.3 -Dfile.encoding=Cp1252 
java_command: org.codehaus.groovy.grails.cli.support.GrailsStarter --conf F:\Desarrollo\springsource\grails-2.2.3\conf\groovy-starter.conf --main org.codehaus.groovy.grails.cli.GrailsScriptRunner run-app
Launcher Type: SUN_STANDARD

Environment Variables:
JAVA_HOME=C:\Program Files\Java\jdk1.7.0_25
PATH=C:\Program Files\Java\jdk1.7.0_25\jre\bin;C:\Program Files (x86)\Common Files\NetSarang;C:\Program Files\ibm\gsk8\lib64;C:\Program Files\ibm\gsk8\bin;C:\Program Files\IBM Informix Client SDK\bin;C:\Windows\system32;C:\Windows;C:\Windows\System32\Wbem;C:\Windows\System32\WindowsPowerShell\v1.0\;C:\Program Files\Dell\DW WLAN Card;C:\Program Files (x86)\ATI Technologies\ATI.ACE\Core-Static;C:\Program Files (x86)\ibm\gsk7\bin;C:\Program Files (x86)\ibm\gsk7\lib;C:\Program Files\Microsoft\Web Platform Installer\;C:\Program Files (x86)\Microsoft ASP.NET\ASP.NET Web Pages\v1.0\;C:\Program Files\Microsoft SQL Server\110\Tools\Binn\;C:\Program Files (x86)\IBM\Informix\Client-SDK\bin;C:\Program Files (x86)\Windows Kits\8.0\Windows Performance Toolkit\;C:\Program Files\Calibre2\;C:\Program Files (x86)\Git\bin;F:\Desarrollo\springsource\grails-2.2.3\bin
USERNAME=lprado
OS=Windows_NT
PROCESSOR_IDENTIFIER=Intel64 Family 6 Model 42 Stepping 7, GenuineIntel



---------------  S Y S T E M  ---------------

OS: Windows 7 , 64 bit Build 7601 Service Pack 1

CPU:total 8 (4 cores per cpu, 2 threads per core) family 6 model 42 stepping 7, cmov, cx8, fxsr, mmx, sse, sse2, sse3, ssse3, sse4.1, sse4.2, popcnt, avx, ht, tsc, tscinvbit

Memory: 4k page, physical 8344628k(2296772k free), swap 16687392k(9672060k free)

vm_info: Java HotSpot(TM) 64-Bit Server VM (23.25-b01) for windows-amd64 JRE (1.7.0_25-b17), built on Jun 21 2013 12:58:32 by "java_re" with unknown MS VC++:1600

time: Fri Oct 18 14:45:06 2013
elapsed time: 12137 seconds

